{"/Users/primary/uport-proxy/originalContracts/IdentityFactory.sol":{"l":{"15":4,"16":4,"17":4,"18":4,"19":4,"21":4,"22":4},"path":"/Users/primary/uport-proxy/originalContracts/IdentityFactory.sol","s":{"1":4,"2":4,"3":4,"4":4,"5":4,"6":4,"7":4},"b":{},"f":{"1":4},"fnMap":{"1":{"name":"CreateProxyWithControllerAndRecovery","line":14,"loc":{"start":{"line":14,"column":4},"end":{"line":14,"column":125}}}},"statementMap":{"1":{"start":{"line":15,"column":8},"end":{"line":15,"column":32}},"2":{"start":{"line":16,"column":8},"end":{"line":16,"column":112}},"3":{"start":{"line":17,"column":8},"end":{"line":17,"column":33}},"4":{"start":{"line":18,"column":8},"end":{"line":18,"column":80}},"5":{"start":{"line":19,"column":8},"end":{"line":19,"column":60}},"6":{"start":{"line":21,"column":8},"end":{"line":21,"column":66}},"7":{"start":{"line":22,"column":8},"end":{"line":22,"column":40}}},"branchMap":{}},"/Users/primary/uport-proxy/originalContracts/IdentityFactoryWithRecoveryKey.sol":{"l":{"15":1,"16":1,"17":1,"18":1,"20":1,"21":1},"path":"/Users/primary/uport-proxy/originalContracts/IdentityFactoryWithRecoveryKey.sol","s":{"1":1,"2":1,"3":1,"4":1,"5":1,"6":1},"b":{},"f":{"1":1},"fnMap":{"1":{"name":"CreateProxyWithControllerAndRecoveryKey","line":14,"loc":{"start":{"line":14,"column":4},"end":{"line":14,"column":129}}}},"statementMap":{"1":{"start":{"line":15,"column":8},"end":{"line":15,"column":32}},"2":{"start":{"line":16,"column":8},"end":{"line":16,"column":112}},"3":{"start":{"line":17,"column":8},"end":{"line":17,"column":33}},"4":{"start":{"line":18,"column":8},"end":{"line":18,"column":58}},"5":{"start":{"line":20,"column":8},"end":{"line":20,"column":64}},"6":{"start":{"line":21,"column":8},"end":{"line":21,"column":40}}},"branchMap":{}},"/Users/primary/uport-proxy/originalContracts/Lib1.sol":{"l":{"4":0,"5":0,"7":0,"10":10,"11":10,"12":10,"13":10},"path":"/Users/primary/uport-proxy/originalContracts/Lib1.sol","s":{"1":0,"2":0,"3":0,"4":0,"5":10,"6":10,"7":10},"b":{"1":[0,0]},"f":{"1":0,"2":10},"fnMap":{"1":{"name":"findAddress","line":3,"loc":{"start":{"line":3,"column":4},"end":{"line":3,"column":71}}},"2":{"name":"removeAddress","line":9,"loc":{"start":{"line":9,"column":4},"end":{"line":9,"column":56}}}},"statementMap":{"1":{"start":{"line":4,"column":8},"end":{"line":4,"column":130}},"2":{"start":{"line":5,"column":12},"end":{"line":5,"column":43}},"3":{"start":{"line":5,"column":29},"end":{"line":5,"column":42}},"4":{"start":{"line":7,"column":8},"end":{"line":7,"column":17}},"5":{"start":{"line":10,"column":8},"end":{"line":10,"column":44}},"6":{"start":{"line":11,"column":8},"end":{"line":11,"column":37}},"7":{"start":{"line":13,"column":8},"end":{"line":13,"column":35}}},"branchMap":{"1":{"line":5,"type":"if","locations":[{"start":{"line":5,"column":12},"end":{"line":5,"column":12}},{"start":{"line":5,"column":12},"end":{"line":5,"column":12}}]}}},"/Users/primary/uport-proxy/originalContracts/Owned.sol":{"l":{"9":11,"15":13},"path":"/Users/primary/uport-proxy/originalContracts/Owned.sol","s":{"1":20,"2":0,"3":11,"4":24,"5":13},"b":{"1":[18,2],"2":[0,0]},"f":{"1":20,"2":0,"3":11,"4":24,"5":13},"fnMap":{"1":{"name":"onlyOwner","line":5,"loc":{"start":{"line":5,"column":4},"end":{"line":5,"column":22}}},"2":{"name":"ifOwner","line":6,"loc":{"start":{"line":6,"column":4},"end":{"line":6,"column":35}}},"3":{"name":"Owned","line":8,"loc":{"start":{"line":8,"column":4},"end":{"line":8,"column":18}}},"4":{"name":"isOwner","line":12,"loc":{"start":{"line":12,"column":4},"end":{"line":12,"column":54}}},"5":{"name":"transfer","line":14,"loc":{"start":{"line":14,"column":4},"end":{"line":14,"column":46}}}},"statementMap":{"1":{"start":{"line":5,"column":26},"end":{"line":5,"column":52}},"2":{"start":{"line":6,"column":39},"end":{"line":6,"column":60}},"3":{"start":{"line":9,"column":8},"end":{"line":9,"column":25}},"4":{"start":{"line":12,"column":58},"end":{"line":12,"column":78}},"5":{"start":{"line":15,"column":8},"end":{"line":15,"column":21}}},"branchMap":{"1":{"line":5,"type":"if","locations":[{"start":{"line":5,"column":26},"end":{"line":5,"column":26}},{"start":{"line":5,"column":26},"end":{"line":5,"column":26}}]},"2":{"line":6,"type":"if","locations":[{"start":{"line":6,"column":39},"end":{"line":6,"column":39}},{"start":{"line":6,"column":39},"end":{"line":6,"column":39}}]}}},"/Users/primary/uport-proxy/originalContracts/Proxy.sol":{"l":{"19":2,"27":5,"28":1,"30":4},"path":"/Users/primary/uport-proxy/originalContracts/Proxy.sol","s":{"1":2,"2":5,"3":1,"4":4},"b":{"1":[1,4]},"f":{"1":2,"2":5},"fnMap":{"1":{"name":null,"line":18,"loc":{"start":{"line":18,"column":4},"end":{"line":18,"column":22}}},"2":{"name":"forward","line":22,"loc":{"start":{"line":22,"column":4},"end":{"line":22,"column":74}}}},"statementMap":{"1":{"start":{"line":19,"column":8},"end":{"line":19,"column":38}},"2":{"start":{"line":27,"column":8},"end":{"line":27,"column":895}},"3":{"start":{"line":28,"column":12},"end":{"line":28,"column":17}},"4":{"start":{"line":30,"column":8},"end":{"line":30,"column":42}}},"branchMap":{"1":{"line":27,"type":"if","locations":[{"start":{"line":27,"column":8},"end":{"line":27,"column":8}},{"start":{"line":27,"column":8},"end":{"line":27,"column":8}}]}}},"/Users/primary/uport-proxy/originalContracts/RecoverableController.sol":{"l":{"28":12,"29":12,"30":12,"31":12,"32":12,"33":12,"37":2,"41":1,"42":1,"43":1,"46":2,"47":1,"48":1,"53":1,"54":1,"55":1,"58":2,"59":1,"60":1,"65":1,"66":1,"67":1,"70":2,"71":1,"72":1,"73":1,"79":8,"80":8},"path":"/Users/primary/uport-proxy/originalContracts/RecoverableController.sol","s":{"1":9,"2":23,"3":12,"4":12,"5":12,"6":12,"7":12,"8":12,"9":2,"10":1,"11":1,"12":1,"13":2,"14":1,"15":1,"16":1,"17":1,"18":2,"19":1,"20":1,"21":1,"22":1,"23":1,"24":2,"25":1,"26":1,"27":12,"28":8},"b":{"1":[5,4],"2":[20,3],"3":[1,1],"4":[1,1],"5":[1,1]},"f":{"1":9,"2":23,"3":12,"4":2,"5":1,"6":2,"7":1,"8":2,"9":1,"10":2,"11":12,"12":8},"fnMap":{"1":{"name":"onlyUserKey","line":24,"loc":{"start":{"line":24,"column":4},"end":{"line":24,"column":25}}},"2":{"name":"onlyRecoveryKey","line":25,"loc":{"start":{"line":25,"column":4},"end":{"line":25,"column":29}}},"3":{"name":"RecoverableController","line":27,"loc":{"start":{"line":27,"column":4},"end":{"line":27,"column":114}}},"4":{"name":"forward","line":36,"loc":{"start":{"line":36,"column":4},"end":{"line":36,"column":76}}},"5":{"name":"signRecoveryChange","line":40,"loc":{"start":{"line":40,"column":4},"end":{"line":40,"column":71}}},"6":{"name":"changeRecovery","line":45,"loc":{"start":{"line":45,"column":4},"end":{"line":45,"column":28}}},"7":{"name":"signControllerChange","line":52,"loc":{"start":{"line":52,"column":4},"end":{"line":52,"column":72}}},"8":{"name":"changeController","line":57,"loc":{"start":{"line":57,"column":4},"end":{"line":57,"column":30}}},"9":{"name":"signUserKeyChange","line":64,"loc":{"start":{"line":64,"column":4},"end":{"line":64,"column":66}}},"10":{"name":"changeUserKey","line":69,"loc":{"start":{"line":69,"column":4},"end":{"line":69,"column":26}}},"11":{"name":"changeRecoveryFromRecovery","line":77,"loc":{"start":{"line":77,"column":4},"end":{"line":77,"column":75}}},"12":{"name":"changeUserKeyFromRecovery","line":78,"loc":{"start":{"line":78,"column":4},"end":{"line":78,"column":70}}}},"statementMap":{"1":{"start":{"line":24,"column":29},"end":{"line":24,"column":57}},"2":{"start":{"line":25,"column":33},"end":{"line":25,"column":65}},"3":{"start":{"line":28,"column":8},"end":{"line":28,"column":18}},"4":{"start":{"line":29,"column":8},"end":{"line":29,"column":34}},"5":{"start":{"line":30,"column":8},"end":{"line":30,"column":25}},"6":{"start":{"line":31,"column":8},"end":{"line":31,"column":37}},"7":{"start":{"line":32,"column":8},"end":{"line":32,"column":35}},"8":{"start":{"line":33,"column":8},"end":{"line":33,"column":31}},"9":{"start":{"line":37,"column":8},"end":{"line":37,"column":46}},"10":{"start":{"line":41,"column":8},"end":{"line":41,"column":59}},"11":{"start":{"line":42,"column":8},"end":{"line":42,"column":49}},"12":{"start":{"line":43,"column":8},"end":{"line":43,"column":54}},"13":{"start":{"line":46,"column":8},"end":{"line":46,"column":1564}},"14":{"start":{"line":47,"column":12},"end":{"line":47,"column":44}},"15":{"start":{"line":53,"column":8},"end":{"line":53,"column":58}},"16":{"start":{"line":54,"column":8},"end":{"line":54,"column":47}},"17":{"start":{"line":55,"column":8},"end":{"line":55,"column":56}},"18":{"start":{"line":58,"column":8},"end":{"line":58,"column":2060}},"19":{"start":{"line":59,"column":12},"end":{"line":59,"column":45}},"20":{"start":{"line":60,"column":12},"end":{"line":60,"column":38}},"21":{"start":{"line":65,"column":8},"end":{"line":65,"column":56}},"22":{"start":{"line":66,"column":8},"end":{"line":66,"column":41}},"23":{"start":{"line":67,"column":8},"end":{"line":67,"column":53}},"24":{"start":{"line":70,"column":8},"end":{"line":70,"column":2535}},"25":{"start":{"line":71,"column":12},"end":{"line":71,"column":36}},"26":{"start":{"line":73,"column":12},"end":{"line":73,"column":53}},"27":{"start":{"line":77,"column":79},"end":{"line":77,"column":104}},"28":{"start":{"line":80,"column":8},"end":{"line":80,"column":25}}},"branchMap":{"1":{"line":24,"type":"if","locations":[{"start":{"line":24,"column":29},"end":{"line":24,"column":29}},{"start":{"line":24,"column":29},"end":{"line":24,"column":29}}]},"2":{"line":25,"type":"if","locations":[{"start":{"line":25,"column":33},"end":{"line":25,"column":33}},{"start":{"line":25,"column":33},"end":{"line":25,"column":33}}]},"3":{"line":46,"type":"if","locations":[{"start":{"line":46,"column":8},"end":{"line":46,"column":8}},{"start":{"line":46,"column":8},"end":{"line":46,"column":8}}]},"4":{"line":58,"type":"if","locations":[{"start":{"line":58,"column":8},"end":{"line":58,"column":8}},{"start":{"line":58,"column":8},"end":{"line":58,"column":8}}]},"5":{"line":70,"type":"if","locations":[{"start":{"line":70,"column":8},"end":{"line":70,"column":8}},{"start":{"line":70,"column":8},"end":{"line":70,"column":8}}]}}},"/Users/primary/uport-proxy/originalContracts/RecoveryQuorum.sol":{"l":{"21":10,"22":10,"23":40,"24":40,"28":54,"29":52,"30":52,"31":52,"35":59,"36":7,"37":7,"39":51,"40":14,"42":51,"48":17,"49":15,"51":17,"52":17,"53":45,"55":17,"58":80,"59":692,"60":105,"69":59,"70":596,"72":59,"75":45,"76":39,"77":39,"81":15,"83":15,"84":4,"86":11,"91":17,"92":17,"93":72,"94":10,"95":10,"96":10,"97":10,"102":1387,"108":1288,"111":692},"path":"/Users/primary/uport-proxy/originalContracts/RecoveryQuorum.sol","s":{"1":18,"2":10,"3":10,"4":40,"5":40,"6":54,"7":52,"8":52,"9":52,"10":59,"11":7,"12":7,"13":51,"14":14,"15":17,"16":15,"17":17,"18":17,"19":45,"20":17,"21":80,"22":692,"23":14,"24":59,"25":596,"26":59,"27":45,"28":39,"29":39,"30":15,"31":15,"32":4,"33":11,"34":17,"35":17,"36":72,"37":10,"38":10,"39":10,"40":10,"41":1387,"42":1360,"43":1288,"44":692},"b":{"1":[17,1],"2":[52,2],"3":[7,52],"4":[14,37],"5":[105,587],"6":[364,232],"7":[39,6],"8":[15,0],"9":[4,11],"10":[10,62]},"f":{"1":18,"2":10,"3":54,"4":59,"5":17,"6":80,"7":14,"8":59,"9":45,"10":15,"11":17,"12":1387,"13":1360,"14":1288,"15":692},"fnMap":{"1":{"name":"onlyUserKey","line":18,"loc":{"start":{"line":18,"column":4},"end":{"line":18,"column":24}}},"2":{"name":"RecoveryQuorum","line":20,"loc":{"start":{"line":20,"column":4},"end":{"line":20,"column":68}}},"3":{"name":"signUserChange","line":27,"loc":{"start":{"line":27,"column":4},"end":{"line":27,"column":51}}},"4":{"name":"changeUserKey","line":34,"loc":{"start":{"line":34,"column":4},"end":{"line":34,"column":45}}},"5":{"name":"replaceDelegates","line":47,"loc":{"start":{"line":47,"column":4},"end":{"line":47,"column":94}}},"6":{"name":"collectedSignatures","line":57,"loc":{"start":{"line":57,"column":4},"end":{"line":57,"column":82}}},"7":{"name":"getAddresses","line":65,"loc":{"start":{"line":65,"column":4},"end":{"line":65,"column":54}}},"8":{"name":"neededSignatures","line":67,"loc":{"start":{"line":67,"column":4},"end":{"line":67,"column":44}}},"9":{"name":"addDelegate","line":74,"loc":{"start":{"line":74,"column":4},"end":{"line":74,"column":49}}},"10":{"name":"removeDelegate","line":80,"loc":{"start":{"line":80,"column":4},"end":{"line":80,"column":52}}},"11":{"name":"garbageCollect","line":90,"loc":{"start":{"line":90,"column":4},"end":{"line":90,"column":35}}},"12":{"name":"delegateRecordExists","line":101,"loc":{"start":{"line":101,"column":4},"end":{"line":101,"column":66}}},"13":{"name":"delegateIsDeleted","line":104,"loc":{"start":{"line":104,"column":4},"end":{"line":104,"column":63}}},"14":{"name":"delegateIsCurrent","line":107,"loc":{"start":{"line":107,"column":4},"end":{"line":107,"column":63}}},"15":{"name":"delegateHasValidSignature","line":110,"loc":{"start":{"line":110,"column":4},"end":{"line":110,"column":71}}}},"statementMap":{"1":{"start":{"line":18,"column":28},"end":{"line":18,"column":69}},"2":{"start":{"line":21,"column":8},"end":{"line":21,"column":54}},"3":{"start":{"line":22,"column":8},"end":{"line":22,"column":708}},"4":{"start":{"line":23,"column":12},"end":{"line":23,"column":48}},"5":{"start":{"line":24,"column":12},"end":{"line":24,"column":117}},"6":{"start":{"line":28,"column":8},"end":{"line":28,"column":1003}},"7":{"start":{"line":29,"column":12},"end":{"line":29,"column":66}},"8":{"start":{"line":30,"column":12},"end":{"line":30,"column":41}},"9":{"start":{"line":31,"column":12},"end":{"line":31,"column":54}},"10":{"start":{"line":35,"column":8},"end":{"line":35,"column":1296}},"11":{"start":{"line":36,"column":12},"end":{"line":36,"column":59}},"12":{"start":{"line":37,"column":12},"end":{"line":37,"column":1433}},"13":{"start":{"line":39,"column":16},"end":{"line":39,"column":1571}},"14":{"start":{"line":40,"column":20},"end":{"line":40,"column":69}},"15":{"start":{"line":48,"column":8},"end":{"line":48,"column":1919}},"16":{"start":{"line":49,"column":12},"end":{"line":49,"column":47}},"17":{"start":{"line":51,"column":8},"end":{"line":51,"column":23}},"18":{"start":{"line":52,"column":8},"end":{"line":52,"column":2067}},"19":{"start":{"line":53,"column":12},"end":{"line":53,"column":41}},"20":{"start":{"line":55,"column":8},"end":{"line":55,"column":52}},"21":{"start":{"line":58,"column":8},"end":{"line":58,"column":2327}},"22":{"start":{"line":59,"column":12},"end":{"line":59,"column":2397}},"23":{"start":{"line":65,"column":58},"end":{"line":65,"column":82}},"24":{"start":{"line":69,"column":8},"end":{"line":69,"column":2793}},"25":{"start":{"line":70,"column":12},"end":{"line":70,"column":92}},"26":{"start":{"line":72,"column":8},"end":{"line":72,"column":41}},"27":{"start":{"line":75,"column":8},"end":{"line":75,"column":3061}},"28":{"start":{"line":76,"column":12},"end":{"line":76,"column":142}},"29":{"start":{"line":77,"column":12},"end":{"line":77,"column":43}},"30":{"start":{"line":81,"column":8},"end":{"line":81,"column":3414}},"31":{"start":{"line":83,"column":12},"end":{"line":83,"column":3561}},"32":{"start":{"line":84,"column":16},"end":{"line":84,"column":53}},"33":{"start":{"line":86,"column":16},"end":{"line":86,"column":81}},"34":{"start":{"line":91,"column":8},"end":{"line":91,"column":17}},"35":{"start":{"line":92,"column":8},"end":{"line":92,"column":3859}},"36":{"start":{"line":93,"column":12},"end":{"line":93,"column":3922}},"37":{"start":{"line":94,"column":16},"end":{"line":94,"column":63}},"38":{"start":{"line":95,"column":16},"end":{"line":95,"column":63}},"39":{"start":{"line":96,"column":16},"end":{"line":96,"column":66}},"40":{"start":{"line":97,"column":16},"end":{"line":97,"column":55}},"41":{"start":{"line":102,"column":8},"end":{"line":102,"column":34}},"42":{"start":{"line":105,"column":8},"end":{"line":105,"column":36}},"43":{"start":{"line":108,"column":8},"end":{"line":108,"column":87}},"44":{"start":{"line":111,"column":8},"end":{"line":111,"column":63}}},"branchMap":{"1":{"line":18,"type":"if","locations":[{"start":{"line":18,"column":28},"end":{"line":18,"column":28}},{"start":{"line":18,"column":28},"end":{"line":18,"column":28}}]},"2":{"line":28,"type":"if","locations":[{"start":{"line":28,"column":8},"end":{"line":28,"column":8}},{"start":{"line":28,"column":8},"end":{"line":28,"column":8}}]},"3":{"line":35,"type":"if","locations":[{"start":{"line":35,"column":8},"end":{"line":35,"column":8}},{"start":{"line":35,"column":8},"end":{"line":35,"column":8}}]},"4":{"line":39,"type":"if","locations":[{"start":{"line":39,"column":16},"end":{"line":39,"column":16}},{"start":{"line":39,"column":16},"end":{"line":39,"column":16}}]},"5":{"line":59,"type":"if","locations":[{"start":{"line":59,"column":12},"end":{"line":59,"column":12}},{"start":{"line":59,"column":12},"end":{"line":59,"column":12}}]},"6":{"line":70,"type":"if","locations":[{"start":{"line":70,"column":12},"end":{"line":70,"column":12}},{"start":{"line":70,"column":12},"end":{"line":70,"column":12}}]},"7":{"line":75,"type":"if","locations":[{"start":{"line":75,"column":8},"end":{"line":75,"column":8}},{"start":{"line":75,"column":8},"end":{"line":75,"column":8}}]},"8":{"line":81,"type":"if","locations":[{"start":{"line":81,"column":8},"end":{"line":81,"column":8}},{"start":{"line":81,"column":8},"end":{"line":81,"column":8}}]},"9":{"line":83,"type":"if","locations":[{"start":{"line":83,"column":12},"end":{"line":83,"column":12}},{"start":{"line":83,"column":12},"end":{"line":83,"column":12}}]},"10":{"line":93,"type":"if","locations":[{"start":{"line":93,"column":12},"end":{"line":93,"column":12}},{"start":{"line":93,"column":12},"end":{"line":93,"column":12}}]}}},"/Users/primary/uport-proxy/originalContracts/TestRegistry.sol":{"l":{"7":5,"11":1},"path":"/Users/primary/uport-proxy/originalContracts/TestRegistry.sol","s":{"1":5,"2":1},"b":{},"f":{"1":5,"2":1},"fnMap":{"1":{"name":"register","line":6,"loc":{"start":{"line":6,"column":2},"end":{"line":6,"column":28}}},"2":{"name":"testThrow","line":10,"loc":{"start":{"line":10,"column":2},"end":{"line":10,"column":23}}}},"statementMap":{"1":{"start":{"line":7,"column":4},"end":{"line":7,"column":27}},"2":{"start":{"line":11,"column":6},"end":{"line":11,"column":11}}},"branchMap":{}}}